[+] Containers:
 |- [+] Container: /Game/WilliamStuff/MainLevel
 |   |- [+] ActorDescs:
 |   |   |- Guid:02A44116496D17E104D602A075A95F47 BaseClass: NativeClass:/Script/Engine.StaticMeshActor Name:StaticMeshActor_UAID_7486E236B8A68F9301_1670221570 Label:SM_Cube8 SpatiallyLoaded:1 Bounds:IsValid=true, Min=(X=1110.000 Y=260.000 Z=-50.000), Max=(X=2185.000 Y=1485.000 Z=0.000) RuntimeGrid:None EditorOnly:0 RuntimeOnly:0 HLODRelevant:1 FolderPath:Playground FolderGuid:9FE5E8B349AF71F05F2688921F3F2AC5
 |   |   |- Guid:042F69BE4ACA894CE253A1A299A77347 BaseClass: NativeClass:/Script/Engine.StaticMeshActor Name:StaticMeshActor_UAID_7486E236B8A68F9301_1718143612 Label:SM_Cube40 SpatiallyLoaded:1 Bounds:IsValid=true, Min=(X=4220.000 Y=5130.000 Z=-50.000), Max=(X=5295.000 Y=6355.000 Z=0.000) RuntimeGrid:None EditorOnly:0 RuntimeOnly:0 HLODRelevant:1 FolderPath:Playground FolderGuid:9FE5E8B349AF71F05F2688921F3F2AC5
 |   |   |- Guid:0D66F3574342F0902FAF42A04708CCF9 BaseClass: NativeClass:/Script/Engine.StaticMeshActor Name:StaticMeshActor_UAID_7486E236B8A68F9301_1670226575 Label:SM_Cube13 SpatiallyLoaded:1 Bounds:IsValid=true, Min=(X=1110.000 Y=6350.000 Z=-50.000), Max=(X=2185.000 Y=7575.000 Z=0.000) RuntimeGrid:None EditorOnly:0 RuntimeOnly:0 HLODRelevant:1 FolderPath:Playground FolderGuid:9FE5E8B349AF71F05F2688921F3F2AC5
 |   |   |- Guid:0E453909492F0450C05BFC95139E1C62 BaseClass: NativeClass:/Script/Engine.StaticMeshActor Name:StaticMeshActor_UAID_7486E236B8A68F9301_1673586578 Label:SM_Cube16 SpatiallyLoaded:1 Bounds:IsValid=true, Min=(X=2110.000 Y=1480.000 Z=-50.000), Max=(X=3185.000 Y=2705.000 Z=0.000) RuntimeGrid:None EditorOnly:0 RuntimeOnly:0 HLODRelevant:1 FolderPath:Playground FolderGuid:9FE5E8B349AF71F05F2688921F3F2AC5
 |   |   |- Guid:125A3DB54AEDEE1429496B886549CA33 BaseClass: NativeClass:/Script/Engine.StaticMeshActor Name:StaticMeshActor_17 Label:SM_Cube SpatiallyLoaded:1 Bounds:IsValid=true, Min=(X=70.000 Y=260.000 Z=-50.000), Max=(X=1145.000 Y=1485.000 Z=0.000) RuntimeGrid:None EditorOnly:0 RuntimeOnly:0 HLODRelevant:1 FolderPath:Playground FolderGuid:9FE5E8B349AF71F05F2688921F3F2AC5
 |   |   |- Guid:1789ACDE437A5166E2C4E099BA9D2BDA BaseClass: NativeClass:/Script/Engine.StaticMeshActor Name:StaticMeshActor_UAID_7486E236B8A68F9301_1679417596 Label:SM_Cube34 SpatiallyLoaded:1 Bounds:IsValid=true, Min=(X=4230.000 Y=6350.000 Z=-50.000), Max=(X=5305.000 Y=7575.000 Z=0.000) RuntimeGrid:None EditorOnly:0 RuntimeOnly:0 HLODRelevant:1 FolderPath:Playground FolderGuid:9FE5E8B349AF71F05F2688921F3F2AC5
 |   |   |- Guid:1941BB4C416EFA456AC53E9C9D659797 BaseClass: NativeClass:/Script/Engine.StaticMeshActor Name:StaticMeshActor_UAID_7486E236B8A68F9301_1670224572 Label:SM_Cube10 SpatiallyLoaded:1 Bounds:IsValid=true, Min=(X=1110.000 Y=2690.000 Z=-50.000), Max=(X=2185.000 Y=3915.000 Z=0.000) RuntimeGrid:None EditorOnly:0 RuntimeOnly:0 HLODRelevant:1 FolderPath:Playground FolderGuid:9FE5E8B349AF71F05F2688921F3F2AC5
 |   |   |- Guid:1BD31D6F474294E1468D6A93F513BCEE BaseClass: NativeClass:/Script/Engine.StaticMeshActor Name:StaticMeshActor_UAID_7486E236B8A68F9301_1661677569 Label:SM_Cube7 SpatiallyLoaded:1 Bounds:IsValid=true, Min=(X=70.000 Y=7570.000 Z=-50.000), Max=(X=1145.000 Y=8795.000 Z=0.000) RuntimeGrid:None EditorOnly:0 RuntimeOnly:0 HLODRelevant:1 FolderPath:Playground FolderGuid:9FE5E8B349AF71F05F2688921F3F2AC5
 |   |   |- Guid:1CA068194B9A56330F9DD1AAB27CB737 BaseClass:/Game/TopDown/Blueprints/Soldier.Soldier_C NativeClass:/Script/Engine.Character Name:Soldier_C_UAID_04D4C404ED0E7E9301_1813401572 Label:Soldier6 SpatiallyLoaded:1 Bounds:IsValid=true, Min=(X=1186.400 Y=4216.400 Z=2.213), Max=(X=1253.600 Y=4283.600 Z=176.000) RuntimeGrid:None EditorOnly:0 RuntimeOnly:0 HLODRelevant:0
 |   |   |- Guid:20FD5DB74C67EFEADEADDB81DBA2F697 BaseClass:/Game/ProceduralWalls/Blueprints/BP_SplineWall.BP_SplineWall_C NativeClass:/Script/Engine.Actor Name:BP_SplineWall_C_UAID_7486E236B8A68E9301_1372891383 Label:BP_SplineWall SpatiallyLoaded:1 Bounds:IsValid=true, Min=(X=-17.491 Y=218.789 Z=-30.120), Max=(X=7083.776 Y=3586.393 Z=213.444) RuntimeGrid:None EditorOnly:0 RuntimeOnly:0 HLODRelevant:1
 |   |   |- Guid:212D80EC4D072AE9CC6712A562BF4F7B BaseClass: NativeClass:/Script/Engine.SkyAtmosphere Name:SkyAtmosphere_1 Label:SkyAtmosphere SpatiallyLoaded:0 Bounds:IsValid=true, Min=(X=0.000 Y=0.000 Z=1020.000), Max=(X=0.000 Y=0.000 Z=1020.000) RuntimeGrid:None EditorOnly:0 RuntimeOnly:0 HLODRelevant:0 FolderPath:Lighting FolderGuid:4C9334684BA61B42C769F799D2576455
 |   |   |- Guid:21C7EFE641A288546DF01FAB79EF1535 BaseClass:/Game/TopDown/Blueprints/Soldier.Soldier_C NativeClass:/Script/Engine.Character Name:Soldier_C_UAID_04D4C404ED0E7E9301_1818485576 Label:Soldier10 SpatiallyLoaded:1 Bounds:IsValid=true, Min=(X=1416.400 Y=4156.400 Z=2.213), Max=(X=1483.600 Y=4223.600 Z=176.000) RuntimeGrid:None EditorOnly:0 RuntimeOnly:0 HLODRelevant:0
 |   |   |- Guid:2978E87146339893DE23939BF01CB3E4 BaseClass:/Game/ProceduralWalls/Blueprints/BP_SplineWall.BP_SplineWall_C NativeClass:/Script/Engine.Actor Name:BP_SplineWall_C_UAID_7486E236B8A68F9301_1184368560 Label:BP_SplineWall2 SpatiallyLoaded:1 Bounds:IsValid=true, Min=(X=6.224 Y=4383.607 Z=-30.120), Max=(X=7107.491 Y=7751.211 Z=213.444) RuntimeGrid:None EditorOnly:0 RuntimeOnly:0 HLODRelevant:1
 |   |   |- Guid:2EDB612C48AA3642FD1AF7BEB0FA4EFC BaseClass: NativeClass:/Script/Engine.PostProcessVolume Name:PostProcessVolume_1 Label:PostProcessVolume SpatiallyLoaded:0 Bounds:IsValid=true, Min=(X=0.000 Y=0.000 Z=400.000), Max=(X=200.000 Y=200.000 Z=600.000) RuntimeGrid:None EditorOnly:0 RuntimeOnly:0 HLODRelevant:0 FolderPath:Lighting FolderGuid:4C9334684BA61B42C769F799D2576455
 |   |   |- Guid:331E97654726CFFC07C7EB89241C5548 BaseClass: NativeClass:/Script/Engine.StaticMeshActor Name:StaticMeshActor_UAID_A4AE111137DC5CFB00_1660657071 Label:SM_SkySphere SpatiallyLoaded:0 Bounds:IsValid=true, Min=(X=-1638400.000 Y=-1638400.000 Z=-1638400.000), Max=(X=1638400.000 Y=1638400.000 Z=1638400.000) RuntimeGrid:None EditorOnly:0 RuntimeOnly:0 HLODRelevant:1 FolderPath:Lighting FolderGuid:4C9334684BA61B42C769F799D2576455
 |   |   |- Guid:3A65C7034BE34295B48E9C82C71C7217 BaseClass: NativeClass:/Script/Engine.StaticMeshActor Name:StaticMeshActor_UAID_7486E236B8A68F9301_1670223571 Label:SM_Cube9 SpatiallyLoaded:1 Bounds:IsValid=true, Min=(X=1110.000 Y=1480.000 Z=-50.000), Max=(X=2185.000 Y=2705.000 Z=0.000) RuntimeGrid:None EditorOnly:0 RuntimeOnly:0 HLODRelevant:1 FolderPath:Playground FolderGuid:9FE5E8B349AF71F05F2688921F3F2AC5
 |   |   |- Guid:40E3E40645F2F00C52123EB7B954774A BaseClass: NativeClass:/Script/Engine.StaticMeshActor Name:StaticMeshActor_UAID_7486E236B8A68F9301_1673584577 Label:SM_Cube15 SpatiallyLoaded:1 Bounds:IsValid=true, Min=(X=2110.000 Y=260.000 Z=-50.000), Max=(X=3185.000 Y=1485.000 Z=0.000) RuntimeGrid:None EditorOnly:0 RuntimeOnly:0 HLODRelevant:1 FolderPath:Playground FolderGuid:9FE5E8B349AF71F05F2688921F3F2AC5
 |   |   |- Guid:41B0F5B043061AD17BB98190C4856FE9 BaseClass: NativeClass:/Script/Engine.StaticMeshActor Name:StaticMeshActor_UAID_7486E236B8A68F9301_1697824600 Label:SM_Cube38 SpatiallyLoaded:1 Bounds:IsValid=true, Min=(X=4220.000 Y=2690.000 Z=-50.000), Max=(X=5295.000 Y=3915.000 Z=0.000) RuntimeGrid:None EditorOnly:0 RuntimeOnly:0 HLODRelevant:1 FolderPath:Playground FolderGuid:9FE5E8B349AF71F05F2688921F3F2AC5
 |   |   |- Guid:421B1D5B4C8E5B7669C98E884CC8F6F0 BaseClass:/Game/TopDown/Blueprints/Soldier.Soldier_C NativeClass:/Script/Engine.Character Name:Soldier_C_UAID_04D4C404ED0E7E9301_1324982571 Label:Soldier5 SpatiallyLoaded:1 Bounds:IsValid=true, Min=(X=1506.400 Y=3356.400 Z=2.213), Max=(X=1573.600 Y=3423.600 Z=176.000) RuntimeGrid:None EditorOnly:0 RuntimeOnly:0 HLODRelevant:0
 |   |   |- Guid:43AC728246DB80E7F1327BB4A8C911F7 BaseClass: NativeClass:/Script/Engine.StaticMeshActor Name:StaticMeshActor_UAID_7486E236B8A68F9301_1301006561 Label:SM_House_01_D SpatiallyLoaded:1 Bounds:IsValid=true, Min=(X=348.184 Y=634.921 Z=-9.338), Max=(X=1042.970 Y=1291.016 Z=716.152) RuntimeGrid:None EditorOnly:0 RuntimeOnly:0 HLODRelevant:1
 |   |   |- Guid:4656CB81485EB6879C3E3CB3DC007F6D BaseClass: NativeClass:/Script/Engine.StaticMeshActor Name:StaticMeshActor_UAID_7486E236B8A68F9301_1697827604 Label:SM_Cube42 SpatiallyLoaded:1 Bounds:IsValid=true, Min=(X=4220.000 Y=7570.000 Z=-50.000), Max=(X=5295.000 Y=8795.000 Z=0.000) RuntimeGrid:None EditorOnly:0 RuntimeOnly:0 HLODRelevant:1 FolderPath:Playground FolderGuid:9FE5E8B349AF71F05F2688921F3F2AC5
 |   |   |- Guid:4781E52D4C005A14B6C0A39B103D8491 BaseClass: NativeClass:/Script/Engine.StaticMeshActor Name:StaticMeshActor_UAID_7486E236B8A68F9301_1657263568 Label:SM_Cube6 SpatiallyLoaded:1 Bounds:IsValid=true, Min=(X=70.000 Y=6350.000 Z=-50.000), Max=(X=1145.000 Y=7575.000 Z=0.000) RuntimeGrid:None EditorOnly:0 RuntimeOnly:0 HLODRelevant:1 FolderPath:Playground FolderGuid:9FE5E8B349AF71F05F2688921F3F2AC5
 |   |   |- Guid:500328B64241D7C8B846458912B29BF9 BaseClass: NativeClass:/Script/Engine.StaticMeshActor Name:StaticMeshActor_UAID_7486E236B8A68F9301_1676655587 Label:SM_Cube25 SpatiallyLoaded:1 Bounds:IsValid=true, Min=(X=3150.000 Y=3910.000 Z=-50.000), Max=(X=4225.000 Y=5135.000 Z=0.000) RuntimeGrid:None EditorOnly:0 RuntimeOnly:0 HLODRelevant:1 FolderPath:Playground FolderGuid:9FE5E8B349AF71F05F2688921F3F2AC5
 |   |   |- Guid:5AC699A84178619B5314EF817647BBA6 BaseClass: NativeClass:/Script/Engine.StaticMeshActor Name:StaticMeshActor_UAID_7486E236B8A68F9301_1701132608 Label:SM_Cube46 SpatiallyLoaded:1 Bounds:IsValid=true, Min=(X=5290.000 Y=3910.000 Z=-50.000), Max=(X=6365.000 Y=5135.000 Z=0.000) RuntimeGrid:None EditorOnly:0 RuntimeOnly:0 HLODRelevant:1 FolderPath:Playground FolderGuid:9FE5E8B349AF71F05F2688921F3F2AC5
 |   |   |- Guid:5EE7F4354B870A153E6AEBAE002C93C1 BaseClass: NativeClass:/Script/Engine.WorldDataLayers Name:WorldDataLayers Label:WorldDataLayers SpatiallyLoaded:0 Bounds:IsValid=true, Min=(X=0.000 Y=0.000 Z=0.000), Max=(X=0.000 Y=0.000 Z=0.000) RuntimeGrid:None EditorOnly:0 RuntimeOnly:0 HLODRelevant:0
 |   |   |- Guid:5EF75FE24484F547E6F2F4B35C209844 BaseClass: NativeClass:/Script/AIModule.NavLinkProxy Name:NavLinkProxy_3 Label:NavLinkProxy3 SpatiallyLoaded:1 Bounds:IsValid=true, Min=(X=2240.000 Y=1030.000 Z=90.000), Max=(X=2240.000 Y=1030.000 Z=90.000) RuntimeGrid:None EditorOnly:0 RuntimeOnly:0 HLODRelevant:0 FolderPath:Navigation FolderGuid:AE45D61F453CC144CF8289862C276E89
 |   |   |- Guid:5FF058EB49AF15C635B2BE82BBDF1FEB BaseClass: NativeClass:/Script/Engine.StaticMeshActor Name:StaticMeshActor_UAID_7486E236B8A68F9301_1676654586 Label:SM_Cube24 SpatiallyLoaded:1 Bounds:IsValid=true, Min=(X=3150.000 Y=2690.000 Z=-50.000), Max=(X=4225.000 Y=3915.000 Z=0.000) RuntimeGrid:None EditorOnly:0 RuntimeOnly:0 HLODRelevant:1 FolderPath:Playground FolderGuid:9FE5E8B349AF71F05F2688921F3F2AC5
 |   |   |- Guid:675FF2664094C2455F3323A547CC5C58 BaseClass: NativeClass:/Script/Engine.StaticMeshActor Name:StaticMeshActor_UAID_7486E236B8A68F9301_1679412591 Label:SM_Cube29 SpatiallyLoaded:1 Bounds:IsValid=true, Min=(X=4230.000 Y=260.000 Z=-50.000), Max=(X=5305.000 Y=1485.000 Z=0.000) RuntimeGrid:None EditorOnly:0 RuntimeOnly:0 HLODRelevant:1 FolderPath:Playground FolderGuid:9FE5E8B349AF71F05F2688921F3F2AC5
 |   |   |- Guid:6E29A5C74948944F120604918CBEF5DC BaseClass:/Game/TopDown/Blueprints/Soldier.Soldier_C NativeClass:/Script/Engine.Character Name:Soldier_C_UAID_04D4C404ED0E7E9301_1322195568 Label:Soldier2 SpatiallyLoaded:1 Bounds:IsValid=true, Min=(X=1916.400 Y=3226.400 Z=2.213), Max=(X=1983.600 Y=3293.600 Z=176.000) RuntimeGrid:None EditorOnly:0 RuntimeOnly:0 HLODRelevant:0
 |   |   |- Guid:70F11BC04925FB4C4C68FBB5501959E8 BaseClass: NativeClass:/Script/Engine.StaticMeshActor Name:StaticMeshActor_UAID_7486E236B8A68F9301_1676652584 Label:SM_Cube22 SpatiallyLoaded:1 Bounds:IsValid=true, Min=(X=3150.000 Y=260.000 Z=-50.000), Max=(X=4225.000 Y=1485.000 Z=0.000) RuntimeGrid:None EditorOnly:0 RuntimeOnly:0 HLODRelevant:1 FolderPath:Playground FolderGuid:9FE5E8B349AF71F05F2688921F3F2AC5
 |   |   |- Guid:7CBE5AF84F2EFEC8215384A3ECE0330D BaseClass: NativeClass:/Script/Engine.PlayerStart Name:PlayerStart_0 Label:PlayerStart SpatiallyLoaded:0 Bounds:IsValid=true, Min=(X=960.000 Y=3700.000 Z=0.013), Max=(X=1040.000 Y=3780.000 Z=184.013) RuntimeGrid:None EditorOnly:0 RuntimeOnly:0 HLODRelevant:0
 |   |   |- Guid:7FB5A8484EF9C788E7D98ABCAE6CD8E4 BaseClass: NativeClass:/Script/Engine.StaticMeshActor Name:StaticMeshActor_UAID_7486E236B8A68F9301_1676656588 Label:SM_Cube26 SpatiallyLoaded:1 Bounds:IsValid=true, Min=(X=3150.000 Y=5130.000 Z=-50.000), Max=(X=4225.000 Y=6355.000 Z=0.000) RuntimeGrid:None EditorOnly:0 RuntimeOnly:0 HLODRelevant:1 FolderPath:Playground FolderGuid:9FE5E8B349AF71F05F2688921F3F2AC5
 |   |   |- Guid:839BA3F54DF1986B9CC002B21CF521EE BaseClass: NativeClass:/Script/Engine.StaticMeshActor Name:StaticMeshActor_UAID_7486E236B8A68F9301_1676656589 Label:SM_Cube27 SpatiallyLoaded:1 Bounds:IsValid=true, Min=(X=3150.000 Y=6350.000 Z=-50.000), Max=(X=4225.000 Y=7575.000 Z=0.000) RuntimeGrid:None EditorOnly:0 RuntimeOnly:0 HLODRelevant:1 FolderPath:Playground FolderGuid:9FE5E8B349AF71F05F2688921F3F2AC5
 |   |   |- Guid:83A0899B4D567D7097ECED8916317B9B BaseClass: NativeClass:/Script/NavigationSystem.NavMeshBoundsVolume Name:NavMeshBoundsVolume_1 Label:NavMeshBoundsVolume SpatiallyLoaded:0 Bounds:IsValid=true, Min=(X=-360.000 Y=-715.000 Z=-110.000), Max=(X=7640.000 Y=8535.000 Z=390.000) RuntimeGrid:None EditorOnly:0 RuntimeOnly:0 HLODRelevant:0 FolderPath:Navigation FolderGuid:AE45D61F453CC144CF8289862C276E89
 |   |   |- Guid:8543952E433117F0F5F1098D1EE55724 BaseClass: NativeClass:/Script/Engine.StaticMeshActor Name:StaticMeshActor_UAID_7486E236B8A68F9301_1670227576 Label:SM_Cube14 SpatiallyLoaded:1 Bounds:IsValid=true, Min=(X=1110.000 Y=7570.000 Z=-50.000), Max=(X=2185.000 Y=8795.000 Z=0.000) RuntimeGrid:None EditorOnly:0 RuntimeOnly:0 HLODRelevant:1 FolderPath:Playground FolderGuid:9FE5E8B349AF71F05F2688921F3F2AC5
 |   |   |- Guid:87E2232741010A50CC22A590DF7A6F71 BaseClass: NativeClass:/Script/Engine.StaticMeshActor Name:StaticMeshActor_UAID_7486E236B8A68F9301_1673587579 Label:SM_Cube17 SpatiallyLoaded:1 Bounds:IsValid=true, Min=(X=2110.000 Y=2690.000 Z=-50.000), Max=(X=3185.000 Y=3915.000 Z=0.000) RuntimeGrid:None EditorOnly:0 RuntimeOnly:0 HLODRelevant:1 FolderPath:Playground FolderGuid:9FE5E8B349AF71F05F2688921F3F2AC5
 |   |   |- Guid:8DACD4A34AE196979F86098790C7EEBF BaseClass: NativeClass:/Script/Engine.StaticMeshActor Name:StaticMeshActor_UAID_7486E236B8A68F9301_1673589582 Label:SM_Cube20 SpatiallyLoaded:1 Bounds:IsValid=true, Min=(X=2110.000 Y=6350.000 Z=-50.000), Max=(X=3185.000 Y=7575.000 Z=0.000) RuntimeGrid:None EditorOnly:0 RuntimeOnly:0 HLODRelevant:1 FolderPath:Playground FolderGuid:9FE5E8B349AF71F05F2688921F3F2AC5
 |   |   |- Guid:8F768BD04FE30193838D3CA8C9541854 BaseClass:/Game/TopDown/Blueprints/Soldier.Soldier_C NativeClass:/Script/Engine.Character Name:Soldier_C_UAID_04D4C404ED0E7E9301_1323189569 Label:Soldier3 SpatiallyLoaded:1 Bounds:IsValid=true, Min=(X=2006.400 Y=3556.400 Z=2.213), Max=(X=2073.600 Y=3623.600 Z=176.000) RuntimeGrid:None EditorOnly:0 RuntimeOnly:0 HLODRelevant:0
 |   |   |- Guid:9AF41CF34F8F963D5B014E9B73DE13B5 BaseClass: NativeClass:/Script/Engine.StaticMeshActor Name:StaticMeshActor_UAID_7486E236B8A68F9301_1701131606 Label:SM_Cube44 SpatiallyLoaded:1 Bounds:IsValid=true, Min=(X=5290.000 Y=1480.000 Z=-50.000), Max=(X=6365.000 Y=2705.000 Z=0.000) RuntimeGrid:None EditorOnly:0 RuntimeOnly:0 HLODRelevant:1 FolderPath:Playground FolderGuid:9FE5E8B349AF71F05F2688921F3F2AC5
 |   |   |- Guid:9C66A67E442D34FE37C4C29DAF4A5D08 BaseClass: NativeClass:/Script/Engine.StaticMeshActor Name:StaticMeshActor_UAID_7486E236B8A68F9301_1701134611 Label:SM_Cube49 SpatiallyLoaded:1 Bounds:IsValid=true, Min=(X=5290.000 Y=7570.000 Z=-50.000), Max=(X=6365.000 Y=8795.000 Z=0.000) RuntimeGrid:None EditorOnly:0 RuntimeOnly:0 HLODRelevant:1 FolderPath:Playground FolderGuid:9FE5E8B349AF71F05F2688921F3F2AC5
 |   |   |- Guid:A32FB6BD48B7EA2DE567878C7AC58F00 BaseClass:/Game/TopDown/Blueprints/Soldier.Soldier_C NativeClass:/Script/Engine.Character Name:Soldier_C_UAID_04D4C404ED0E7D9301_1981393391 Label:Soldier SpatiallyLoaded:1 Bounds:IsValid=true, Min=(X=796.400 Y=4016.400 Z=2.213), Max=(X=863.600 Y=4083.600 Z=176.000) RuntimeGrid:None EditorOnly:0 RuntimeOnly:0 HLODRelevant:0
 |   |   |- Guid:A716A6F84B4086D3A0459480360CBAD2 BaseClass: NativeClass:/Script/Engine.StaticMeshActor Name:StaticMeshActor_UAID_7486E236B8A68F9301_1701133609 Label:SM_Cube47 SpatiallyLoaded:1 Bounds:IsValid=true, Min=(X=5290.000 Y=5130.000 Z=-50.000), Max=(X=6365.000 Y=6355.000 Z=0.000) RuntimeGrid:None EditorOnly:0 RuntimeOnly:0 HLODRelevant:1 FolderPath:Playground FolderGuid:9FE5E8B349AF71F05F2688921F3F2AC5
 |   |   |- Guid:AB1E09724E983D321A765EA5A76DA2CE BaseClass: NativeClass:/Script/Engine.StaticMeshActor Name:StaticMeshActor_UAID_7486E236B8A68F9301_1657262567 Label:SM_Cube5 SpatiallyLoaded:1 Bounds:IsValid=true, Min=(X=70.000 Y=5130.000 Z=-50.000), Max=(X=1145.000 Y=6355.000 Z=0.000) RuntimeGrid:None EditorOnly:0 RuntimeOnly:0 HLODRelevant:1 FolderPath:Playground FolderGuid:9FE5E8B349AF71F05F2688921F3F2AC5
 |   |   |- Guid:B0432F4C414381A9EBB3EFA64463BE79 BaseClass: NativeClass:/Script/Engine.StaticMeshActor Name:StaticMeshActor_UAID_7486E236B8A68F9301_1697824601 Label:SM_Cube39 SpatiallyLoaded:1 Bounds:IsValid=true, Min=(X=4220.000 Y=3910.000 Z=-50.000), Max=(X=5295.000 Y=5135.000 Z=0.000) RuntimeGrid:None EditorOnly:0 RuntimeOnly:0 HLODRelevant:1 FolderPath:Playground FolderGuid:9FE5E8B349AF71F05F2688921F3F2AC5
 |   |   |- Guid:B119F1204395A2C7C4EDBE84CB19BBF0 BaseClass: NativeClass:/Script/Engine.StaticMeshActor Name:StaticMeshActor_UAID_7486E236B8A68F9301_1652029565 Label:SM_Cube3 SpatiallyLoaded:1 Bounds:IsValid=true, Min=(X=70.000 Y=2690.000 Z=-50.000), Max=(X=1145.000 Y=3915.000 Z=0.000) RuntimeGrid:None EditorOnly:0 RuntimeOnly:0 HLODRelevant:1 FolderPath:Playground FolderGuid:9FE5E8B349AF71F05F2688921F3F2AC5
 |   |   |- Guid:B28D56B84949A6065FF522A5CC24EBEB BaseClass:/Game/TopDown/Blueprints/Soldier.Soldier_C NativeClass:/Script/Engine.Character Name:Soldier_C_UAID_04D4C404ED0E7E9301_1817339575 Label:Soldier9 SpatiallyLoaded:1 Bounds:IsValid=true, Min=(X=1286.400 Y=3956.400 Z=2.213), Max=(X=1353.600 Y=4023.600 Z=176.000) RuntimeGrid:None EditorOnly:0 RuntimeOnly:0 HLODRelevant:0
 |   |   |- Guid:B4D6ADDB48741E1A0AE5669D6B6F3F10 BaseClass: NativeClass:/Script/Engine.StaticMeshActor Name:StaticMeshActor_UAID_7486E236B8A68F9301_1701134610 Label:SM_Cube48 SpatiallyLoaded:1 Bounds:IsValid=true, Min=(X=5290.000 Y=6350.000 Z=-50.000), Max=(X=6365.000 Y=7575.000 Z=0.000) RuntimeGrid:None EditorOnly:0 RuntimeOnly:0 HLODRelevant:1 FolderPath:Playground FolderGuid:9FE5E8B349AF71F05F2688921F3F2AC5
 |   |   |- Guid:B93D421F452E8F80EBC61EAB4C67F857 BaseClass: NativeClass:/Script/Engine.StaticMeshActor Name:StaticMeshActor_UAID_7486E236B8A68F9301_1670225573 Label:SM_Cube11 SpatiallyLoaded:1 Bounds:IsValid=true, Min=(X=1110.000 Y=3910.000 Z=-50.000), Max=(X=2185.000 Y=5135.000 Z=0.000) RuntimeGrid:None EditorOnly:0 RuntimeOnly:0 HLODRelevant:1 FolderPath:Playground FolderGuid:9FE5E8B349AF71F05F2688921F3F2AC5
 |   |   |- Guid:BE6823EC4E41CD03B2069D80FB774C67 BaseClass: NativeClass:/Script/Engine.ExponentialHeightFog Name:ExponentialHeightFog_1 Label:ExponentialHeightFog SpatiallyLoaded:0 Bounds:IsValid=true, Min=(X=-5600.000 Y=-50.000 Z=-6850.000), Max=(X=-5600.000 Y=-50.000 Z=-6850.000) RuntimeGrid:None EditorOnly:0 RuntimeOnly:0 HLODRelevant:0 FolderPath:Lighting FolderGuid:4C9334684BA61B42C769F799D2576455
 |   |   |- Guid:C15B0AF445F273944387B18397C34FA7 BaseClass: NativeClass:/Script/Engine.StaticMeshActor Name:StaticMeshActor_UAID_7486E236B8A68F9301_1701132607 Label:SM_Cube45 SpatiallyLoaded:1 Bounds:IsValid=true, Min=(X=5290.000 Y=2690.000 Z=-50.000), Max=(X=6365.000 Y=3915.000 Z=0.000) RuntimeGrid:None EditorOnly:0 RuntimeOnly:0 HLODRelevant:1 FolderPath:Playground FolderGuid:9FE5E8B349AF71F05F2688921F3F2AC5
 |   |   |- Guid:CADE8AA8483DF91038657C9D299F8F87 BaseClass: NativeClass:/Script/Engine.StaticMeshActor Name:StaticMeshActor_UAID_7486E236B8A68F9301_1670225574 Label:SM_Cube12 SpatiallyLoaded:1 Bounds:IsValid=true, Min=(X=1110.000 Y=5130.000 Z=-50.000), Max=(X=2185.000 Y=6355.000 Z=0.000) RuntimeGrid:None EditorOnly:0 RuntimeOnly:0 HLODRelevant:1 FolderPath:Playground FolderGuid:9FE5E8B349AF71F05F2688921F3F2AC5
 |   |   |- Guid:CB62758F4BACC8C2FBC033B088657D60 BaseClass: NativeClass:/Script/Engine.StaticMeshActor Name:StaticMeshActor_UAID_7486E236B8A68F9301_1676653585 Label:SM_Cube23 SpatiallyLoaded:1 Bounds:IsValid=true, Min=(X=3150.000 Y=1480.000 Z=-50.000), Max=(X=4225.000 Y=2705.000 Z=0.000) RuntimeGrid:None EditorOnly:0 RuntimeOnly:0 HLODRelevant:1 FolderPath:Playground FolderGuid:9FE5E8B349AF71F05F2688921F3F2AC5
 |   |   |- Guid:CBBD7B93464D47F02E7CADB5824A2E67 BaseClass: NativeClass:/Script/Engine.StaticMeshActor Name:StaticMeshActor_UAID_7486E236B8A68F9301_1701130605 Label:SM_Cube43 SpatiallyLoaded:1 Bounds:IsValid=true, Min=(X=5290.000 Y=260.000 Z=-50.000), Max=(X=6365.000 Y=1485.000 Z=0.000) RuntimeGrid:None EditorOnly:0 RuntimeOnly:0 HLODRelevant:1 FolderPath:Playground FolderGuid:9FE5E8B349AF71F05F2688921F3F2AC5
 |   |   |- Guid:CBCEE2664DCD298AC0380180104C356F BaseClass: NativeClass:/Script/Engine.StaticMeshActor Name:StaticMeshActor_UAID_7486E236B8A68F9301_1652030566 Label:SM_Cube4 SpatiallyLoaded:1 Bounds:IsValid=true, Min=(X=70.000 Y=3910.000 Z=-50.000), Max=(X=1145.000 Y=5135.000 Z=0.000) RuntimeGrid:None EditorOnly:0 RuntimeOnly:0 HLODRelevant:1 FolderPath:Playground FolderGuid:9FE5E8B349AF71F05F2688921F3F2AC5
 |   |   |- Guid:CBEEC6164B22326C9850699787D14A9E BaseClass: NativeClass:/Script/Engine.StaticMeshActor Name:StaticMeshActor_UAID_7486E236B8A68F9301_1673587580 Label:SM_Cube18 SpatiallyLoaded:1 Bounds:IsValid=true, Min=(X=2110.000 Y=3910.000 Z=-50.000), Max=(X=3185.000 Y=5135.000 Z=0.000) RuntimeGrid:None EditorOnly:0 RuntimeOnly:0 HLODRelevant:1 FolderPath:Playground FolderGuid:9FE5E8B349AF71F05F2688921F3F2AC5
 |   |   |- Guid:CF7847D2430078F180D6E7AF78840A02 BaseClass: NativeClass:/Script/Engine.SkyLight Name:SkyLight_1 Label:SkyLight SpatiallyLoaded:0 Bounds:IsValid=true, Min=(X=0.000 Y=0.000 Z=690.000), Max=(X=0.000 Y=0.000 Z=690.000) RuntimeGrid:None EditorOnly:0 RuntimeOnly:0 HLODRelevant:0 FolderPath:Lighting FolderGuid:4C9334684BA61B42C769F799D2576455
 |   |   |- Guid:D0CDA79E45FCE2610A1186BC19CC9A49 BaseClass: NativeClass:/Script/Engine.StaticMeshActor Name:StaticMeshActor_UAID_7486E236B8A68F9301_1673589583 Label:SM_Cube21 SpatiallyLoaded:1 Bounds:IsValid=true, Min=(X=2110.000 Y=7570.000 Z=-50.000), Max=(X=3185.000 Y=8795.000 Z=0.000) RuntimeGrid:None EditorOnly:0 RuntimeOnly:0 HLODRelevant:1 FolderPath:Playground FolderGuid:9FE5E8B349AF71F05F2688921F3F2AC5
 |   |   |- Guid:D248FA4747D64EE09478B59DD86362F8 BaseClass:/Game/TopDown/Blueprints/Soldier.Soldier_C NativeClass:/Script/Engine.Character Name:Soldier_C_UAID_04D4C404ED0E7E9301_1814840573 Label:Soldier7 SpatiallyLoaded:1 Bounds:IsValid=true, Min=(X=1536.400 Y=3896.400 Z=2.213), Max=(X=1603.600 Y=3963.600 Z=176.000) RuntimeGrid:None EditorOnly:0 RuntimeOnly:0 HLODRelevant:0
 |   |   |- Guid:D5A6CFE44CC38C9B8194499012AA6A8A BaseClass: NativeClass:/Script/Engine.VolumetricCloud Name:VolumetricCloud_0 Label:VolumetricCloud SpatiallyLoaded:0 Bounds:IsValid=true, Min=(X=0.000 Y=0.000 Z=820.000), Max=(X=0.000 Y=0.000 Z=820.000) RuntimeGrid:None EditorOnly:0 RuntimeOnly:0 HLODRelevant:0 FolderPath:Lighting FolderGuid:4C9334684BA61B42C769F799D2576455
 |   |   |- Guid:D65B68354B284E3FCB599294ECDC7F86 BaseClass: NativeClass:/Script/Engine.StaticMeshActor Name:StaticMeshActor_UAID_7486E236B8A68F9301_1647916564 Label:SM_Cube2 SpatiallyLoaded:1 Bounds:IsValid=true, Min=(X=70.000 Y=1480.000 Z=-50.000), Max=(X=1145.000 Y=2705.000 Z=0.000) RuntimeGrid:None EditorOnly:0 RuntimeOnly:0 HLODRelevant:1 FolderPath:Playground FolderGuid:9FE5E8B349AF71F05F2688921F3F2AC5
 |   |   |- Guid:DC3DF4794B668360650CFE937862B323 BaseClass: NativeClass:/Script/Engine.StaticMeshActor Name:StaticMeshActor_UAID_7486E236B8A68F9301_1679414592 Label:SM_Cube30 SpatiallyLoaded:1 Bounds:IsValid=true, Min=(X=4230.000 Y=1480.000 Z=-50.000), Max=(X=5305.000 Y=2705.000 Z=0.000) RuntimeGrid:None EditorOnly:0 RuntimeOnly:0 HLODRelevant:1 FolderPath:Playground FolderGuid:9FE5E8B349AF71F05F2688921F3F2AC5
 |   |   |- Guid:DE823D0549412B906CF1DD9CB38ED385 BaseClass: NativeClass:/Script/Engine.DirectionalLight Name:DirectionalLight_1 Label:DirectionalLight SpatiallyLoaded:0 Bounds:IsValid=true, Min=(X=-4398046511104.000 Y=-4398046511104.000 Z=-4398046511104.000), Max=(X=4398046511104.000 Y=4398046511104.000 Z=4398046511104.000) RuntimeGrid:None EditorOnly:0 RuntimeOnly:0 HLODRelevant:0 FolderPath:Lighting FolderGuid:4C9334684BA61B42C769F799D2576455
 |   |   |- Guid:E22406344DB916B0F599759E5F72DB20 BaseClass: NativeClass:/Script/Engine.StaticMeshActor Name:StaticMeshActor_UAID_7486E236B8A68F9301_1673588581 Label:SM_Cube19 SpatiallyLoaded:1 Bounds:IsValid=true, Min=(X=2110.000 Y=5130.000 Z=-50.000), Max=(X=3185.000 Y=6355.000 Z=0.000) RuntimeGrid:None EditorOnly:0 RuntimeOnly:0 HLODRelevant:1 FolderPath:Playground FolderGuid:9FE5E8B349AF71F05F2688921F3F2AC5
 |   |   |- Guid:EB29D5804B72EEE65C4E6D9F2A54A592 BaseClass: NativeClass:/Script/Engine.StaticMeshActor Name:StaticMeshActor_UAID_7486E236B8A68F9301_1676657590 Label:SM_Cube28 SpatiallyLoaded:1 Bounds:IsValid=true, Min=(X=3150.000 Y=7570.000 Z=-50.000), Max=(X=4225.000 Y=8795.000 Z=0.000) RuntimeGrid:None EditorOnly:0 RuntimeOnly:0 HLODRelevant:1 FolderPath:Playground FolderGuid:9FE5E8B349AF71F05F2688921F3F2AC5
 |   |   |- Guid:F59DCD524EAB5F7A84F4139E7F0C39CF BaseClass:/Game/TopDown/Blueprints/Soldier.Soldier_C NativeClass:/Script/Engine.Character Name:Soldier_C_UAID_04D4C404ED0E7E9301_1324134570 Label:Soldier4 SpatiallyLoaded:1 Bounds:IsValid=true, Min=(X=1736.400 Y=3696.400 Z=2.213), Max=(X=1803.600 Y=3763.600 Z=176.000) RuntimeGrid:None EditorOnly:0 RuntimeOnly:0 HLODRelevant:0
 |   |   |- Guid:FB5566E14619B608D1023EADCBB71FC0 BaseClass:/Game/TopDown/Blueprints/Soldier.Soldier_C NativeClass:/Script/Engine.Character Name:Soldier_C_UAID_04D4C404ED0E7E9301_1816061574 Label:Soldier8 SpatiallyLoaded:1 Bounds:IsValid=true, Min=(X=1416.400 Y=3996.400 Z=2.213), Max=(X=1483.600 Y=4063.600 Z=176.000) RuntimeGrid:None EditorOnly:0 RuntimeOnly:0 HLODRelevant:0
 |   |- [+] Clusters:
 |   |   |- [+] [  0]
 |   |   |   |- Guid:421B1D5B4C8E5B7669C98E884CC8F6F0 BaseClass:/Game/TopDown/Blueprints/Soldier.Soldier_C NativeClass:/Script/Engine.Character Name:Soldier_C_UAID_04D4C404ED0E7E9301_1324982571 Label:Soldier5 SpatiallyLoaded:1 Bounds:IsValid=true, Min=(X=1506.400 Y=3356.400 Z=2.213), Max=(X=1573.600 Y=3423.600 Z=176.000) RuntimeGrid:None EditorOnly:0 RuntimeOnly:0 HLODRelevant:0
 |   |   |- [+] [  1]
 |   |   |   |- Guid:B28D56B84949A6065FF522A5CC24EBEB BaseClass:/Game/TopDown/Blueprints/Soldier.Soldier_C NativeClass:/Script/Engine.Character Name:Soldier_C_UAID_04D4C404ED0E7E9301_1817339575 Label:Soldier9 SpatiallyLoaded:1 Bounds:IsValid=true, Min=(X=1286.400 Y=3956.400 Z=2.213), Max=(X=1353.600 Y=4023.600 Z=176.000) RuntimeGrid:None EditorOnly:0 RuntimeOnly:0 HLODRelevant:0
 |   |   |- [+] [  2]
 |   |   |   |- Guid:83A0899B4D567D7097ECED8916317B9B BaseClass: NativeClass:/Script/NavigationSystem.NavMeshBoundsVolume Name:NavMeshBoundsVolume_1 Label:NavMeshBoundsVolume SpatiallyLoaded:0 Bounds:IsValid=true, Min=(X=-360.000 Y=-715.000 Z=-110.000), Max=(X=7640.000 Y=8535.000 Z=390.000) RuntimeGrid:None EditorOnly:0 RuntimeOnly:0 HLODRelevant:0 FolderPath:Navigation FolderGuid:AE45D61F453CC144CF8289862C276E89
 |   |   |- [+] [  3]
 |   |   |   |- Guid:2EDB612C48AA3642FD1AF7BEB0FA4EFC BaseClass: NativeClass:/Script/Engine.PostProcessVolume Name:PostProcessVolume_1 Label:PostProcessVolume SpatiallyLoaded:0 Bounds:IsValid=true, Min=(X=0.000 Y=0.000 Z=400.000), Max=(X=200.000 Y=200.000 Z=600.000) RuntimeGrid:None EditorOnly:0 RuntimeOnly:0 HLODRelevant:0 FolderPath:Lighting FolderGuid:4C9334684BA61B42C769F799D2576455
 |   |   |- [+] [  4]
 |   |   |   |- Guid:F59DCD524EAB5F7A84F4139E7F0C39CF BaseClass:/Game/TopDown/Blueprints/Soldier.Soldier_C NativeClass:/Script/Engine.Character Name:Soldier_C_UAID_04D4C404ED0E7E9301_1324134570 Label:Soldier4 SpatiallyLoaded:1 Bounds:IsValid=true, Min=(X=1736.400 Y=3696.400 Z=2.213), Max=(X=1803.600 Y=3763.600 Z=176.000) RuntimeGrid:None EditorOnly:0 RuntimeOnly:0 HLODRelevant:0
 |   |   |- [+] [  5]
 |   |   |   |- Guid:5EF75FE24484F547E6F2F4B35C209844 BaseClass: NativeClass:/Script/AIModule.NavLinkProxy Name:NavLinkProxy_3 Label:NavLinkProxy3 SpatiallyLoaded:1 Bounds:IsValid=true, Min=(X=2240.000 Y=1030.000 Z=90.000), Max=(X=2240.000 Y=1030.000 Z=90.000) RuntimeGrid:None EditorOnly:0 RuntimeOnly:0 HLODRelevant:0 FolderPath:Navigation FolderGuid:AE45D61F453CC144CF8289862C276E89
 |   |   |- [+] [  6]
 |   |   |   |- Guid:FB5566E14619B608D1023EADCBB71FC0 BaseClass:/Game/TopDown/Blueprints/Soldier.Soldier_C NativeClass:/Script/Engine.Character Name:Soldier_C_UAID_04D4C404ED0E7E9301_1816061574 Label:Soldier8 SpatiallyLoaded:1 Bounds:IsValid=true, Min=(X=1416.400 Y=3996.400 Z=2.213), Max=(X=1483.600 Y=4063.600 Z=176.000) RuntimeGrid:None EditorOnly:0 RuntimeOnly:0 HLODRelevant:0
 |   |   |- [+] [  7]
 |   |   |   |- Guid:CF7847D2430078F180D6E7AF78840A02 BaseClass: NativeClass:/Script/Engine.SkyLight Name:SkyLight_1 Label:SkyLight SpatiallyLoaded:0 Bounds:IsValid=true, Min=(X=0.000 Y=0.000 Z=690.000), Max=(X=0.000 Y=0.000 Z=690.000) RuntimeGrid:None EditorOnly:0 RuntimeOnly:0 HLODRelevant:0 FolderPath:Lighting FolderGuid:4C9334684BA61B42C769F799D2576455
 |   |   |- [+] [  8]
 |   |   |   |- Guid:D5A6CFE44CC38C9B8194499012AA6A8A BaseClass: NativeClass:/Script/Engine.VolumetricCloud Name:VolumetricCloud_0 Label:VolumetricCloud SpatiallyLoaded:0 Bounds:IsValid=true, Min=(X=0.000 Y=0.000 Z=820.000), Max=(X=0.000 Y=0.000 Z=820.000) RuntimeGrid:None EditorOnly:0 RuntimeOnly:0 HLODRelevant:0 FolderPath:Lighting FolderGuid:4C9334684BA61B42C769F799D2576455
 |   |   |- [+] [  9]
 |   |   |   |- Guid:DE823D0549412B906CF1DD9CB38ED385 BaseClass: NativeClass:/Script/Engine.DirectionalLight Name:DirectionalLight_1 Label:DirectionalLight SpatiallyLoaded:0 Bounds:IsValid=true, Min=(X=-4398046511104.000 Y=-4398046511104.000 Z=-4398046511104.000), Max=(X=4398046511104.000 Y=4398046511104.000 Z=4398046511104.000) RuntimeGrid:None EditorOnly:0 RuntimeOnly:0 HLODRelevant:0 FolderPath:Lighting FolderGuid:4C9334684BA61B42C769F799D2576455
 |   |   |- [+] [ 10]
 |   |   |   |- Guid:1CA068194B9A56330F9DD1AAB27CB737 BaseClass:/Game/TopDown/Blueprints/Soldier.Soldier_C NativeClass:/Script/Engine.Character Name:Soldier_C_UAID_04D4C404ED0E7E9301_1813401572 Label:Soldier6 SpatiallyLoaded:1 Bounds:IsValid=true, Min=(X=1186.400 Y=4216.400 Z=2.213), Max=(X=1253.600 Y=4283.600 Z=176.000) RuntimeGrid:None EditorOnly:0 RuntimeOnly:0 HLODRelevant:0
 |   |   |- [+] [ 11]
 |   |   |   |- Guid:BE6823EC4E41CD03B2069D80FB774C67 BaseClass: NativeClass:/Script/Engine.ExponentialHeightFog Name:ExponentialHeightFog_1 Label:ExponentialHeightFog SpatiallyLoaded:0 Bounds:IsValid=true, Min=(X=-5600.000 Y=-50.000 Z=-6850.000), Max=(X=-5600.000 Y=-50.000 Z=-6850.000) RuntimeGrid:None EditorOnly:0 RuntimeOnly:0 HLODRelevant:0 FolderPath:Lighting FolderGuid:4C9334684BA61B42C769F799D2576455
 |   |   |- [+] [ 12]
 |   |   |   |- Guid:8F768BD04FE30193838D3CA8C9541854 BaseClass:/Game/TopDown/Blueprints/Soldier.Soldier_C NativeClass:/Script/Engine.Character Name:Soldier_C_UAID_04D4C404ED0E7E9301_1323189569 Label:Soldier3 SpatiallyLoaded:1 Bounds:IsValid=true, Min=(X=2006.400 Y=3556.400 Z=2.213), Max=(X=2073.600 Y=3623.600 Z=176.000) RuntimeGrid:None EditorOnly:0 RuntimeOnly:0 HLODRelevant:0
 |   |   |- [+] [ 13]
 |   |   |   |- Guid:5EE7F4354B870A153E6AEBAE002C93C1 BaseClass: NativeClass:/Script/Engine.WorldDataLayers Name:WorldDataLayers Label:WorldDataLayers SpatiallyLoaded:0 Bounds:IsValid=true, Min=(X=0.000 Y=0.000 Z=0.000), Max=(X=0.000 Y=0.000 Z=0.000) RuntimeGrid:None EditorOnly:0 RuntimeOnly:0 HLODRelevant:0
 |   |   |- [+] [ 14]
 |   |   |   |- Guid:A32FB6BD48B7EA2DE567878C7AC58F00 BaseClass:/Game/TopDown/Blueprints/Soldier.Soldier_C NativeClass:/Script/Engine.Character Name:Soldier_C_UAID_04D4C404ED0E7D9301_1981393391 Label:Soldier SpatiallyLoaded:1 Bounds:IsValid=true, Min=(X=796.400 Y=4016.400 Z=2.213), Max=(X=863.600 Y=4083.600 Z=176.000) RuntimeGrid:None EditorOnly:0 RuntimeOnly:0 HLODRelevant:0
 |   |   |- [+] [ 15]
 |   |   |   |- Guid:6E29A5C74948944F120604918CBEF5DC BaseClass:/Game/TopDown/Blueprints/Soldier.Soldier_C NativeClass:/Script/Engine.Character Name:Soldier_C_UAID_04D4C404ED0E7E9301_1322195568 Label:Soldier2 SpatiallyLoaded:1 Bounds:IsValid=true, Min=(X=1916.400 Y=3226.400 Z=2.213), Max=(X=1983.600 Y=3293.600 Z=176.000) RuntimeGrid:None EditorOnly:0 RuntimeOnly:0 HLODRelevant:0
 |   |   |- [+] [ 16]
 |   |   |   |- Guid:D248FA4747D64EE09478B59DD86362F8 BaseClass:/Game/TopDown/Blueprints/Soldier.Soldier_C NativeClass:/Script/Engine.Character Name:Soldier_C_UAID_04D4C404ED0E7E9301_1814840573 Label:Soldier7 SpatiallyLoaded:1 Bounds:IsValid=true, Min=(X=1536.400 Y=3896.400 Z=2.213), Max=(X=1603.600 Y=3963.600 Z=176.000) RuntimeGrid:None EditorOnly:0 RuntimeOnly:0 HLODRelevant:0
 |   |   |- [+] [ 17]
 |   |   |   |- Guid:212D80EC4D072AE9CC6712A562BF4F7B BaseClass: NativeClass:/Script/Engine.SkyAtmosphere Name:SkyAtmosphere_1 Label:SkyAtmosphere SpatiallyLoaded:0 Bounds:IsValid=true, Min=(X=0.000 Y=0.000 Z=1020.000), Max=(X=0.000 Y=0.000 Z=1020.000) RuntimeGrid:None EditorOnly:0 RuntimeOnly:0 HLODRelevant:0 FolderPath:Lighting FolderGuid:4C9334684BA61B42C769F799D2576455
 |   |   |- [+] [ 18]
 |   |   |   |- Guid:7CBE5AF84F2EFEC8215384A3ECE0330D BaseClass: NativeClass:/Script/Engine.PlayerStart Name:PlayerStart_0 Label:PlayerStart SpatiallyLoaded:0 Bounds:IsValid=true, Min=(X=960.000 Y=3700.000 Z=0.013), Max=(X=1040.000 Y=3780.000 Z=184.013) RuntimeGrid:None EditorOnly:0 RuntimeOnly:0 HLODRelevant:0
 |   |   |- [+] [ 19]
 |   |   |   |- Guid:331E97654726CFFC07C7EB89241C5548 BaseClass: NativeClass:/Script/Engine.StaticMeshActor Name:StaticMeshActor_UAID_A4AE111137DC5CFB00_1660657071 Label:SM_SkySphere SpatiallyLoaded:0 Bounds:IsValid=true, Min=(X=-1638400.000 Y=-1638400.000 Z=-1638400.000), Max=(X=1638400.000 Y=1638400.000 Z=1638400.000) RuntimeGrid:None EditorOnly:0 RuntimeOnly:0 HLODRelevant:1 FolderPath:Lighting FolderGuid:4C9334684BA61B42C769F799D2576455
 |   |   |- [+] [ 20]
 |   |   |   |- Guid:21C7EFE641A288546DF01FAB79EF1535 BaseClass:/Game/TopDown/Blueprints/Soldier.Soldier_C NativeClass:/Script/Engine.Character Name:Soldier_C_UAID_04D4C404ED0E7E9301_1818485576 Label:Soldier10 SpatiallyLoaded:1 Bounds:IsValid=true, Min=(X=1416.400 Y=4156.400 Z=2.213), Max=(X=1483.600 Y=4223.600 Z=176.000) RuntimeGrid:None EditorOnly:0 RuntimeOnly:0 HLODRelevant:0
 |   |   |- [+] [ 21]
 |   |   |   |- Guid:125A3DB54AEDEE1429496B886549CA33 BaseClass: NativeClass:/Script/Engine.StaticMeshActor Name:StaticMeshActor_17 Label:SM_Cube SpatiallyLoaded:1 Bounds:IsValid=true, Min=(X=70.000 Y=260.000 Z=-50.000), Max=(X=1145.000 Y=1485.000 Z=0.000) RuntimeGrid:None EditorOnly:0 RuntimeOnly:0 HLODRelevant:1 FolderPath:Playground FolderGuid:9FE5E8B349AF71F05F2688921F3F2AC5
 |   |   |- [+] [ 22]
 |   |   |   |- Guid:20FD5DB74C67EFEADEADDB81DBA2F697 BaseClass:/Game/ProceduralWalls/Blueprints/BP_SplineWall.BP_SplineWall_C NativeClass:/Script/Engine.Actor Name:BP_SplineWall_C_UAID_7486E236B8A68E9301_1372891383 Label:BP_SplineWall SpatiallyLoaded:1 Bounds:IsValid=true, Min=(X=-17.491 Y=218.789 Z=-30.120), Max=(X=7083.776 Y=3586.393 Z=213.444) RuntimeGrid:None EditorOnly:0 RuntimeOnly:0 HLODRelevant:1
 |   |   |- [+] [ 23]
 |   |   |   |- Guid:2978E87146339893DE23939BF01CB3E4 BaseClass:/Game/ProceduralWalls/Blueprints/BP_SplineWall.BP_SplineWall_C NativeClass:/Script/Engine.Actor Name:BP_SplineWall_C_UAID_7486E236B8A68F9301_1184368560 Label:BP_SplineWall2 SpatiallyLoaded:1 Bounds:IsValid=true, Min=(X=6.224 Y=4383.607 Z=-30.120), Max=(X=7107.491 Y=7751.211 Z=213.444) RuntimeGrid:None EditorOnly:0 RuntimeOnly:0 HLODRelevant:1
 |   |   |- [+] [ 24]
 |   |   |   |- Guid:43AC728246DB80E7F1327BB4A8C911F7 BaseClass: NativeClass:/Script/Engine.StaticMeshActor Name:StaticMeshActor_UAID_7486E236B8A68F9301_1301006561 Label:SM_House_01_D SpatiallyLoaded:1 Bounds:IsValid=true, Min=(X=348.184 Y=634.921 Z=-9.338), Max=(X=1042.970 Y=1291.016 Z=716.152) RuntimeGrid:None EditorOnly:0 RuntimeOnly:0 HLODRelevant:1
 |   |   |- [+] [ 25]
 |   |   |   |- Guid:D65B68354B284E3FCB599294ECDC7F86 BaseClass: NativeClass:/Script/Engine.StaticMeshActor Name:StaticMeshActor_UAID_7486E236B8A68F9301_1647916564 Label:SM_Cube2 SpatiallyLoaded:1 Bounds:IsValid=true, Min=(X=70.000 Y=1480.000 Z=-50.000), Max=(X=1145.000 Y=2705.000 Z=0.000) RuntimeGrid:None EditorOnly:0 RuntimeOnly:0 HLODRelevant:1 FolderPath:Playground FolderGuid:9FE5E8B349AF71F05F2688921F3F2AC5
 |   |   |- [+] [ 26]
 |   |   |   |- Guid:B119F1204395A2C7C4EDBE84CB19BBF0 BaseClass: NativeClass:/Script/Engine.StaticMeshActor Name:StaticMeshActor_UAID_7486E236B8A68F9301_1652029565 Label:SM_Cube3 SpatiallyLoaded:1 Bounds:IsValid=true, Min=(X=70.000 Y=2690.000 Z=-50.000), Max=(X=1145.000 Y=3915.000 Z=0.000) RuntimeGrid:None EditorOnly:0 RuntimeOnly:0 HLODRelevant:1 FolderPath:Playground FolderGuid:9FE5E8B349AF71F05F2688921F3F2AC5
 |   |   |- [+] [ 27]
 |   |   |   |- Guid:CBCEE2664DCD298AC0380180104C356F BaseClass: NativeClass:/Script/Engine.StaticMeshActor Name:StaticMeshActor_UAID_7486E236B8A68F9301_1652030566 Label:SM_Cube4 SpatiallyLoaded:1 Bounds:IsValid=true, Min=(X=70.000 Y=3910.000 Z=-50.000), Max=(X=1145.000 Y=5135.000 Z=0.000) RuntimeGrid:None EditorOnly:0 RuntimeOnly:0 HLODRelevant:1 FolderPath:Playground FolderGuid:9FE5E8B349AF71F05F2688921F3F2AC5
 |   |   |- [+] [ 28]
 |   |   |   |- Guid:AB1E09724E983D321A765EA5A76DA2CE BaseClass: NativeClass:/Script/Engine.StaticMeshActor Name:StaticMeshActor_UAID_7486E236B8A68F9301_1657262567 Label:SM_Cube5 SpatiallyLoaded:1 Bounds:IsValid=true, Min=(X=70.000 Y=5130.000 Z=-50.000), Max=(X=1145.000 Y=6355.000 Z=0.000) RuntimeGrid:None EditorOnly:0 RuntimeOnly:0 HLODRelevant:1 FolderPath:Playground FolderGuid:9FE5E8B349AF71F05F2688921F3F2AC5
 |   |   |- [+] [ 29]
 |   |   |   |- Guid:4781E52D4C005A14B6C0A39B103D8491 BaseClass: NativeClass:/Script/Engine.StaticMeshActor Name:StaticMeshActor_UAID_7486E236B8A68F9301_1657263568 Label:SM_Cube6 SpatiallyLoaded:1 Bounds:IsValid=true, Min=(X=70.000 Y=6350.000 Z=-50.000), Max=(X=1145.000 Y=7575.000 Z=0.000) RuntimeGrid:None EditorOnly:0 RuntimeOnly:0 HLODRelevant:1 FolderPath:Playground FolderGuid:9FE5E8B349AF71F05F2688921F3F2AC5
 |   |   |- [+] [ 30]
 |   |   |   |- Guid:1BD31D6F474294E1468D6A93F513BCEE BaseClass: NativeClass:/Script/Engine.StaticMeshActor Name:StaticMeshActor_UAID_7486E236B8A68F9301_1661677569 Label:SM_Cube7 SpatiallyLoaded:1 Bounds:IsValid=true, Min=(X=70.000 Y=7570.000 Z=-50.000), Max=(X=1145.000 Y=8795.000 Z=0.000) RuntimeGrid:None EditorOnly:0 RuntimeOnly:0 HLODRelevant:1 FolderPath:Playground FolderGuid:9FE5E8B349AF71F05F2688921F3F2AC5
 |   |   |- [+] [ 31]
 |   |   |   |- Guid:02A44116496D17E104D602A075A95F47 BaseClass: NativeClass:/Script/Engine.StaticMeshActor Name:StaticMeshActor_UAID_7486E236B8A68F9301_1670221570 Label:SM_Cube8 SpatiallyLoaded:1 Bounds:IsValid=true, Min=(X=1110.000 Y=260.000 Z=-50.000), Max=(X=2185.000 Y=1485.000 Z=0.000) RuntimeGrid:None EditorOnly:0 RuntimeOnly:0 HLODRelevant:1 FolderPath:Playground FolderGuid:9FE5E8B349AF71F05F2688921F3F2AC5
 |   |   |- [+] [ 32]
 |   |   |   |- Guid:3A65C7034BE34295B48E9C82C71C7217 BaseClass: NativeClass:/Script/Engine.StaticMeshActor Name:StaticMeshActor_UAID_7486E236B8A68F9301_1670223571 Label:SM_Cube9 SpatiallyLoaded:1 Bounds:IsValid=true, Min=(X=1110.000 Y=1480.000 Z=-50.000), Max=(X=2185.000 Y=2705.000 Z=0.000) RuntimeGrid:None EditorOnly:0 RuntimeOnly:0 HLODRelevant:1 FolderPath:Playground FolderGuid:9FE5E8B349AF71F05F2688921F3F2AC5
 |   |   |- [+] [ 33]
 |   |   |   |- Guid:1941BB4C416EFA456AC53E9C9D659797 BaseClass: NativeClass:/Script/Engine.StaticMeshActor Name:StaticMeshActor_UAID_7486E236B8A68F9301_1670224572 Label:SM_Cube10 SpatiallyLoaded:1 Bounds:IsValid=true, Min=(X=1110.000 Y=2690.000 Z=-50.000), Max=(X=2185.000 Y=3915.000 Z=0.000) RuntimeGrid:None EditorOnly:0 RuntimeOnly:0 HLODRelevant:1 FolderPath:Playground FolderGuid:9FE5E8B349AF71F05F2688921F3F2AC5
 |   |   |- [+] [ 34]
 |   |   |   |- Guid:B93D421F452E8F80EBC61EAB4C67F857 BaseClass: NativeClass:/Script/Engine.StaticMeshActor Name:StaticMeshActor_UAID_7486E236B8A68F9301_1670225573 Label:SM_Cube11 SpatiallyLoaded:1 Bounds:IsValid=true, Min=(X=1110.000 Y=3910.000 Z=-50.000), Max=(X=2185.000 Y=5135.000 Z=0.000) RuntimeGrid:None EditorOnly:0 RuntimeOnly:0 HLODRelevant:1 FolderPath:Playground FolderGuid:9FE5E8B349AF71F05F2688921F3F2AC5
 |   |   |- [+] [ 35]
 |   |   |   |- Guid:CADE8AA8483DF91038657C9D299F8F87 BaseClass: NativeClass:/Script/Engine.StaticMeshActor Name:StaticMeshActor_UAID_7486E236B8A68F9301_1670225574 Label:SM_Cube12 SpatiallyLoaded:1 Bounds:IsValid=true, Min=(X=1110.000 Y=5130.000 Z=-50.000), Max=(X=2185.000 Y=6355.000 Z=0.000) RuntimeGrid:None EditorOnly:0 RuntimeOnly:0 HLODRelevant:1 FolderPath:Playground FolderGuid:9FE5E8B349AF71F05F2688921F3F2AC5
 |   |   |- [+] [ 36]
 |   |   |   |- Guid:0D66F3574342F0902FAF42A04708CCF9 BaseClass: NativeClass:/Script/Engine.StaticMeshActor Name:StaticMeshActor_UAID_7486E236B8A68F9301_1670226575 Label:SM_Cube13 SpatiallyLoaded:1 Bounds:IsValid=true, Min=(X=1110.000 Y=6350.000 Z=-50.000), Max=(X=2185.000 Y=7575.000 Z=0.000) RuntimeGrid:None EditorOnly:0 RuntimeOnly:0 HLODRelevant:1 FolderPath:Playground FolderGuid:9FE5E8B349AF71F05F2688921F3F2AC5
 |   |   |- [+] [ 37]
 |   |   |   |- Guid:8543952E433117F0F5F1098D1EE55724 BaseClass: NativeClass:/Script/Engine.StaticMeshActor Name:StaticMeshActor_UAID_7486E236B8A68F9301_1670227576 Label:SM_Cube14 SpatiallyLoaded:1 Bounds:IsValid=true, Min=(X=1110.000 Y=7570.000 Z=-50.000), Max=(X=2185.000 Y=8795.000 Z=0.000) RuntimeGrid:None EditorOnly:0 RuntimeOnly:0 HLODRelevant:1 FolderPath:Playground FolderGuid:9FE5E8B349AF71F05F2688921F3F2AC5
 |   |   |- [+] [ 38]
 |   |   |   |- Guid:40E3E40645F2F00C52123EB7B954774A BaseClass: NativeClass:/Script/Engine.StaticMeshActor Name:StaticMeshActor_UAID_7486E236B8A68F9301_1673584577 Label:SM_Cube15 SpatiallyLoaded:1 Bounds:IsValid=true, Min=(X=2110.000 Y=260.000 Z=-50.000), Max=(X=3185.000 Y=1485.000 Z=0.000) RuntimeGrid:None EditorOnly:0 RuntimeOnly:0 HLODRelevant:1 FolderPath:Playground FolderGuid:9FE5E8B349AF71F05F2688921F3F2AC5
 |   |   |- [+] [ 39]
 |   |   |   |- Guid:0E453909492F0450C05BFC95139E1C62 BaseClass: NativeClass:/Script/Engine.StaticMeshActor Name:StaticMeshActor_UAID_7486E236B8A68F9301_1673586578 Label:SM_Cube16 SpatiallyLoaded:1 Bounds:IsValid=true, Min=(X=2110.000 Y=1480.000 Z=-50.000), Max=(X=3185.000 Y=2705.000 Z=0.000) RuntimeGrid:None EditorOnly:0 RuntimeOnly:0 HLODRelevant:1 FolderPath:Playground FolderGuid:9FE5E8B349AF71F05F2688921F3F2AC5
 |   |   |- [+] [ 40]
 |   |   |   |- Guid:87E2232741010A50CC22A590DF7A6F71 BaseClass: NativeClass:/Script/Engine.StaticMeshActor Name:StaticMeshActor_UAID_7486E236B8A68F9301_1673587579 Label:SM_Cube17 SpatiallyLoaded:1 Bounds:IsValid=true, Min=(X=2110.000 Y=2690.000 Z=-50.000), Max=(X=3185.000 Y=3915.000 Z=0.000) RuntimeGrid:None EditorOnly:0 RuntimeOnly:0 HLODRelevant:1 FolderPath:Playground FolderGuid:9FE5E8B349AF71F05F2688921F3F2AC5
 |   |   |- [+] [ 41]
 |   |   |   |- Guid:CBEEC6164B22326C9850699787D14A9E BaseClass: NativeClass:/Script/Engine.StaticMeshActor Name:StaticMeshActor_UAID_7486E236B8A68F9301_1673587580 Label:SM_Cube18 SpatiallyLoaded:1 Bounds:IsValid=true, Min=(X=2110.000 Y=3910.000 Z=-50.000), Max=(X=3185.000 Y=5135.000 Z=0.000) RuntimeGrid:None EditorOnly:0 RuntimeOnly:0 HLODRelevant:1 FolderPath:Playground FolderGuid:9FE5E8B349AF71F05F2688921F3F2AC5
 |   |   |- [+] [ 42]
 |   |   |   |- Guid:E22406344DB916B0F599759E5F72DB20 BaseClass: NativeClass:/Script/Engine.StaticMeshActor Name:StaticMeshActor_UAID_7486E236B8A68F9301_1673588581 Label:SM_Cube19 SpatiallyLoaded:1 Bounds:IsValid=true, Min=(X=2110.000 Y=5130.000 Z=-50.000), Max=(X=3185.000 Y=6355.000 Z=0.000) RuntimeGrid:None EditorOnly:0 RuntimeOnly:0 HLODRelevant:1 FolderPath:Playground FolderGuid:9FE5E8B349AF71F05F2688921F3F2AC5
 |   |   |- [+] [ 43]
 |   |   |   |- Guid:8DACD4A34AE196979F86098790C7EEBF BaseClass: NativeClass:/Script/Engine.StaticMeshActor Name:StaticMeshActor_UAID_7486E236B8A68F9301_1673589582 Label:SM_Cube20 SpatiallyLoaded:1 Bounds:IsValid=true, Min=(X=2110.000 Y=6350.000 Z=-50.000), Max=(X=3185.000 Y=7575.000 Z=0.000) RuntimeGrid:None EditorOnly:0 RuntimeOnly:0 HLODRelevant:1 FolderPath:Playground FolderGuid:9FE5E8B349AF71F05F2688921F3F2AC5
 |   |   |- [+] [ 44]
 |   |   |   |- Guid:D0CDA79E45FCE2610A1186BC19CC9A49 BaseClass: NativeClass:/Script/Engine.StaticMeshActor Name:StaticMeshActor_UAID_7486E236B8A68F9301_1673589583 Label:SM_Cube21 SpatiallyLoaded:1 Bounds:IsValid=true, Min=(X=2110.000 Y=7570.000 Z=-50.000), Max=(X=3185.000 Y=8795.000 Z=0.000) RuntimeGrid:None EditorOnly:0 RuntimeOnly:0 HLODRelevant:1 FolderPath:Playground FolderGuid:9FE5E8B349AF71F05F2688921F3F2AC5
 |   |   |- [+] [ 45]
 |   |   |   |- Guid:70F11BC04925FB4C4C68FBB5501959E8 BaseClass: NativeClass:/Script/Engine.StaticMeshActor Name:StaticMeshActor_UAID_7486E236B8A68F9301_1676652584 Label:SM_Cube22 SpatiallyLoaded:1 Bounds:IsValid=true, Min=(X=3150.000 Y=260.000 Z=-50.000), Max=(X=4225.000 Y=1485.000 Z=0.000) RuntimeGrid:None EditorOnly:0 RuntimeOnly:0 HLODRelevant:1 FolderPath:Playground FolderGuid:9FE5E8B349AF71F05F2688921F3F2AC5
 |   |   |- [+] [ 46]
 |   |   |   |- Guid:CB62758F4BACC8C2FBC033B088657D60 BaseClass: NativeClass:/Script/Engine.StaticMeshActor Name:StaticMeshActor_UAID_7486E236B8A68F9301_1676653585 Label:SM_Cube23 SpatiallyLoaded:1 Bounds:IsValid=true, Min=(X=3150.000 Y=1480.000 Z=-50.000), Max=(X=4225.000 Y=2705.000 Z=0.000) RuntimeGrid:None EditorOnly:0 RuntimeOnly:0 HLODRelevant:1 FolderPath:Playground FolderGuid:9FE5E8B349AF71F05F2688921F3F2AC5
 |   |   |- [+] [ 47]
 |   |   |   |- Guid:5FF058EB49AF15C635B2BE82BBDF1FEB BaseClass: NativeClass:/Script/Engine.StaticMeshActor Name:StaticMeshActor_UAID_7486E236B8A68F9301_1676654586 Label:SM_Cube24 SpatiallyLoaded:1 Bounds:IsValid=true, Min=(X=3150.000 Y=2690.000 Z=-50.000), Max=(X=4225.000 Y=3915.000 Z=0.000) RuntimeGrid:None EditorOnly:0 RuntimeOnly:0 HLODRelevant:1 FolderPath:Playground FolderGuid:9FE5E8B349AF71F05F2688921F3F2AC5
 |   |   |- [+] [ 48]
 |   |   |   |- Guid:500328B64241D7C8B846458912B29BF9 BaseClass: NativeClass:/Script/Engine.StaticMeshActor Name:StaticMeshActor_UAID_7486E236B8A68F9301_1676655587 Label:SM_Cube25 SpatiallyLoaded:1 Bounds:IsValid=true, Min=(X=3150.000 Y=3910.000 Z=-50.000), Max=(X=4225.000 Y=5135.000 Z=0.000) RuntimeGrid:None EditorOnly:0 RuntimeOnly:0 HLODRelevant:1 FolderPath:Playground FolderGuid:9FE5E8B349AF71F05F2688921F3F2AC5
 |   |   |- [+] [ 49]
 |   |   |   |- Guid:7FB5A8484EF9C788E7D98ABCAE6CD8E4 BaseClass: NativeClass:/Script/Engine.StaticMeshActor Name:StaticMeshActor_UAID_7486E236B8A68F9301_1676656588 Label:SM_Cube26 SpatiallyLoaded:1 Bounds:IsValid=true, Min=(X=3150.000 Y=5130.000 Z=-50.000), Max=(X=4225.000 Y=6355.000 Z=0.000) RuntimeGrid:None EditorOnly:0 RuntimeOnly:0 HLODRelevant:1 FolderPath:Playground FolderGuid:9FE5E8B349AF71F05F2688921F3F2AC5
 |   |   |- [+] [ 50]
 |   |   |   |- Guid:839BA3F54DF1986B9CC002B21CF521EE BaseClass: NativeClass:/Script/Engine.StaticMeshActor Name:StaticMeshActor_UAID_7486E236B8A68F9301_1676656589 Label:SM_Cube27 SpatiallyLoaded:1 Bounds:IsValid=true, Min=(X=3150.000 Y=6350.000 Z=-50.000), Max=(X=4225.000 Y=7575.000 Z=0.000) RuntimeGrid:None EditorOnly:0 RuntimeOnly:0 HLODRelevant:1 FolderPath:Playground FolderGuid:9FE5E8B349AF71F05F2688921F3F2AC5
 |   |   |- [+] [ 51]
 |   |   |   |- Guid:EB29D5804B72EEE65C4E6D9F2A54A592 BaseClass: NativeClass:/Script/Engine.StaticMeshActor Name:StaticMeshActor_UAID_7486E236B8A68F9301_1676657590 Label:SM_Cube28 SpatiallyLoaded:1 Bounds:IsValid=true, Min=(X=3150.000 Y=7570.000 Z=-50.000), Max=(X=4225.000 Y=8795.000 Z=0.000) RuntimeGrid:None EditorOnly:0 RuntimeOnly:0 HLODRelevant:1 FolderPath:Playground FolderGuid:9FE5E8B349AF71F05F2688921F3F2AC5
 |   |   |- [+] [ 52]
 |   |   |   |- Guid:675FF2664094C2455F3323A547CC5C58 BaseClass: NativeClass:/Script/Engine.StaticMeshActor Name:StaticMeshActor_UAID_7486E236B8A68F9301_1679412591 Label:SM_Cube29 SpatiallyLoaded:1 Bounds:IsValid=true, Min=(X=4230.000 Y=260.000 Z=-50.000), Max=(X=5305.000 Y=1485.000 Z=0.000) RuntimeGrid:None EditorOnly:0 RuntimeOnly:0 HLODRelevant:1 FolderPath:Playground FolderGuid:9FE5E8B349AF71F05F2688921F3F2AC5
 |   |   |- [+] [ 53]
 |   |   |   |- Guid:DC3DF4794B668360650CFE937862B323 BaseClass: NativeClass:/Script/Engine.StaticMeshActor Name:StaticMeshActor_UAID_7486E236B8A68F9301_1679414592 Label:SM_Cube30 SpatiallyLoaded:1 Bounds:IsValid=true, Min=(X=4230.000 Y=1480.000 Z=-50.000), Max=(X=5305.000 Y=2705.000 Z=0.000) RuntimeGrid:None EditorOnly:0 RuntimeOnly:0 HLODRelevant:1 FolderPath:Playground FolderGuid:9FE5E8B349AF71F05F2688921F3F2AC5
 |   |   |- [+] [ 54]
 |   |   |   |- Guid:1789ACDE437A5166E2C4E099BA9D2BDA BaseClass: NativeClass:/Script/Engine.StaticMeshActor Name:StaticMeshActor_UAID_7486E236B8A68F9301_1679417596 Label:SM_Cube34 SpatiallyLoaded:1 Bounds:IsValid=true, Min=(X=4230.000 Y=6350.000 Z=-50.000), Max=(X=5305.000 Y=7575.000 Z=0.000) RuntimeGrid:None EditorOnly:0 RuntimeOnly:0 HLODRelevant:1 FolderPath:Playground FolderGuid:9FE5E8B349AF71F05F2688921F3F2AC5
 |   |   |- [+] [ 55]
 |   |   |   |- Guid:41B0F5B043061AD17BB98190C4856FE9 BaseClass: NativeClass:/Script/Engine.StaticMeshActor Name:StaticMeshActor_UAID_7486E236B8A68F9301_1697824600 Label:SM_Cube38 SpatiallyLoaded:1 Bounds:IsValid=true, Min=(X=4220.000 Y=2690.000 Z=-50.000), Max=(X=5295.000 Y=3915.000 Z=0.000) RuntimeGrid:None EditorOnly:0 RuntimeOnly:0 HLODRelevant:1 FolderPath:Playground FolderGuid:9FE5E8B349AF71F05F2688921F3F2AC5
 |   |   |- [+] [ 56]
 |   |   |   |- Guid:B0432F4C414381A9EBB3EFA64463BE79 BaseClass: NativeClass:/Script/Engine.StaticMeshActor Name:StaticMeshActor_UAID_7486E236B8A68F9301_1697824601 Label:SM_Cube39 SpatiallyLoaded:1 Bounds:IsValid=true, Min=(X=4220.000 Y=3910.000 Z=-50.000), Max=(X=5295.000 Y=5135.000 Z=0.000) RuntimeGrid:None EditorOnly:0 RuntimeOnly:0 HLODRelevant:1 FolderPath:Playground FolderGuid:9FE5E8B349AF71F05F2688921F3F2AC5
 |   |   |- [+] [ 57]
 |   |   |   |- Guid:4656CB81485EB6879C3E3CB3DC007F6D BaseClass: NativeClass:/Script/Engine.StaticMeshActor Name:StaticMeshActor_UAID_7486E236B8A68F9301_1697827604 Label:SM_Cube42 SpatiallyLoaded:1 Bounds:IsValid=true, Min=(X=4220.000 Y=7570.000 Z=-50.000), Max=(X=5295.000 Y=8795.000 Z=0.000) RuntimeGrid:None EditorOnly:0 RuntimeOnly:0 HLODRelevant:1 FolderPath:Playground FolderGuid:9FE5E8B349AF71F05F2688921F3F2AC5
 |   |   |- [+] [ 58]
 |   |   |   |- Guid:CBBD7B93464D47F02E7CADB5824A2E67 BaseClass: NativeClass:/Script/Engine.StaticMeshActor Name:StaticMeshActor_UAID_7486E236B8A68F9301_1701130605 Label:SM_Cube43 SpatiallyLoaded:1 Bounds:IsValid=true, Min=(X=5290.000 Y=260.000 Z=-50.000), Max=(X=6365.000 Y=1485.000 Z=0.000) RuntimeGrid:None EditorOnly:0 RuntimeOnly:0 HLODRelevant:1 FolderPath:Playground FolderGuid:9FE5E8B349AF71F05F2688921F3F2AC5
 |   |   |- [+] [ 59]
 |   |   |   |- Guid:9AF41CF34F8F963D5B014E9B73DE13B5 BaseClass: NativeClass:/Script/Engine.StaticMeshActor Name:StaticMeshActor_UAID_7486E236B8A68F9301_1701131606 Label:SM_Cube44 SpatiallyLoaded:1 Bounds:IsValid=true, Min=(X=5290.000 Y=1480.000 Z=-50.000), Max=(X=6365.000 Y=2705.000 Z=0.000) RuntimeGrid:None EditorOnly:0 RuntimeOnly:0 HLODRelevant:1 FolderPath:Playground FolderGuid:9FE5E8B349AF71F05F2688921F3F2AC5
 |   |   |- [+] [ 60]
 |   |   |   |- Guid:C15B0AF445F273944387B18397C34FA7 BaseClass: NativeClass:/Script/Engine.StaticMeshActor Name:StaticMeshActor_UAID_7486E236B8A68F9301_1701132607 Label:SM_Cube45 SpatiallyLoaded:1 Bounds:IsValid=true, Min=(X=5290.000 Y=2690.000 Z=-50.000), Max=(X=6365.000 Y=3915.000 Z=0.000) RuntimeGrid:None EditorOnly:0 RuntimeOnly:0 HLODRelevant:1 FolderPath:Playground FolderGuid:9FE5E8B349AF71F05F2688921F3F2AC5
 |   |   |- [+] [ 61]
 |   |   |   |- Guid:5AC699A84178619B5314EF817647BBA6 BaseClass: NativeClass:/Script/Engine.StaticMeshActor Name:StaticMeshActor_UAID_7486E236B8A68F9301_1701132608 Label:SM_Cube46 SpatiallyLoaded:1 Bounds:IsValid=true, Min=(X=5290.000 Y=3910.000 Z=-50.000), Max=(X=6365.000 Y=5135.000 Z=0.000) RuntimeGrid:None EditorOnly:0 RuntimeOnly:0 HLODRelevant:1 FolderPath:Playground FolderGuid:9FE5E8B349AF71F05F2688921F3F2AC5
 |   |   |- [+] [ 62]
 |   |   |   |- Guid:A716A6F84B4086D3A0459480360CBAD2 BaseClass: NativeClass:/Script/Engine.StaticMeshActor Name:StaticMeshActor_UAID_7486E236B8A68F9301_1701133609 Label:SM_Cube47 SpatiallyLoaded:1 Bounds:IsValid=true, Min=(X=5290.000 Y=5130.000 Z=-50.000), Max=(X=6365.000 Y=6355.000 Z=0.000) RuntimeGrid:None EditorOnly:0 RuntimeOnly:0 HLODRelevant:1 FolderPath:Playground FolderGuid:9FE5E8B349AF71F05F2688921F3F2AC5
 |   |   |- [+] [ 63]
 |   |   |   |- Guid:B4D6ADDB48741E1A0AE5669D6B6F3F10 BaseClass: NativeClass:/Script/Engine.StaticMeshActor Name:StaticMeshActor_UAID_7486E236B8A68F9301_1701134610 Label:SM_Cube48 SpatiallyLoaded:1 Bounds:IsValid=true, Min=(X=5290.000 Y=6350.000 Z=-50.000), Max=(X=6365.000 Y=7575.000 Z=0.000) RuntimeGrid:None EditorOnly:0 RuntimeOnly:0 HLODRelevant:1 FolderPath:Playground FolderGuid:9FE5E8B349AF71F05F2688921F3F2AC5
 |   |   |- [+] [ 64]
 |   |   |   |- Guid:9C66A67E442D34FE37C4C29DAF4A5D08 BaseClass: NativeClass:/Script/Engine.StaticMeshActor Name:StaticMeshActor_UAID_7486E236B8A68F9301_1701134611 Label:SM_Cube49 SpatiallyLoaded:1 Bounds:IsValid=true, Min=(X=5290.000 Y=7570.000 Z=-50.000), Max=(X=6365.000 Y=8795.000 Z=0.000) RuntimeGrid:None EditorOnly:0 RuntimeOnly:0 HLODRelevant:1 FolderPath:Playground FolderGuid:9FE5E8B349AF71F05F2688921F3F2AC5
 |   |   |- [+] [ 65]
 |   |   |   |- Guid:042F69BE4ACA894CE253A1A299A77347 BaseClass: NativeClass:/Script/Engine.StaticMeshActor Name:StaticMeshActor_UAID_7486E236B8A68F9301_1718143612 Label:SM_Cube40 SpatiallyLoaded:1 Bounds:IsValid=true, Min=(X=4220.000 Y=5130.000 Z=-50.000), Max=(X=5295.000 Y=6355.000 Z=0.000) RuntimeGrid:None EditorOnly:0 RuntimeOnly:0 HLODRelevant:1 FolderPath:Playground FolderGuid:9FE5E8B349AF71F05F2688921F3F2AC5
 |- ContainerInstances:
 |- [+] MainContainer:
 |   |-        ID: 0x0000000000000000
 |   |-    Bounds: IsValid=false, Min=(X=0.000 Y=0.000 Z=0.000), Max=(X=0.000 Y=0.000 Z=0.000)
 |   |- Transform: 0.000000,0.000000,0.000000|0.000000,0.000000,-0.000000|1.000000,1.000000,1.000000
 |   |- Container: /Game/WilliamStuff/MainLevel
----------------------------------------------------------------------------------------------------------------
MainLevel - Persistent Level
----------------------------------------------------------------------------------------------------------------
Always loaded Actor Count: 87 

----------------------------------------------------------------------------------------------------------------
MainLevel - Runtime Spatial Hash - Streaming Grid - MainGrid
----------------------------------------------------------------------------------------------------------------
            Origin: X=0.000 Y=0.000 Z=0.000
         Cell Size: 12800
      World Bounds: IsValid=false, Min=(X=0.000 Y=0.000 Z=0.000), Max=(X=0.000 Y=0.000 Z=0.000)
     Loading Range: 25600.00
Block Slow Loading: No
 ClientOnlyVisible: No

[+] Grid Levels: 1
 |- Level  0: Cell Count    0 | Cell Size   12800 | Actor Count    0 (0.0%)

[+] Content of Grid Level 0

